<?xml version="1.0" encoding="UTF-8"?>
<!-- Generated by org.testng.reporters.JUnitReportReporter -->
<testsuite hostname="DESKTOP-ITILOB1" failures="0" tests="5" name="testScenarios.Ts_Reports" time="0.039" errors="0" timestamp="2023-06-29T18:04:33 IST" skipped="0">
  <testcase classname="testScenarios.Ts_Reports" name="Reports_TC_05_Validate_User_Is_AbleTo_View_TotalUploadsPerDayReport_And_Headers" time="0.008"/>
  <system-out/>
  <testcase classname="testScenarios.Ts_Reports" name="Reports_TC_01_Validate_User_Is_AbleTo_View_Reports_Section" time="0.008"/>
  <system-out/>
  <testcase classname="testScenarios.Ts_Reports" name="Reports_TC_03_Validate_User_Is_AbleTo_SearchAndView_CotivitDownLoadQue_Category_Reports" time="0.008"/>
  <system-out/>
  <testcase classname="testScenarios.Ts_Reports" name="Reports_TC_04_Validate_User_Is_AbleTo_SearchAndView_and_Clear_Different_Category_Reports" time="0.007"/>
  <system-out/>
  <testcase classname="testScenarios.Ts_Reports" name="Reports_TC_02_Validate_User_Is_AbleTo_Manage_Categories_In_ReportsSection" time="0.008"/>
  <system-out/>
</testsuite> <!-- testScenarios.Ts_Reports -->
