<?xml version="1.0" encoding="UTF-8"?>
<!-- Generated by org.testng.reporters.JUnitReportReporter -->
<testsuite hostname="DESKTOP-ITILOB1" failures="0" tests="1" name="testScenarios.DashBoard" time="75.914" errors="0" timestamp="2023-06-13T19:50:46 IST" skipped="0">
  <testcase classname="testScenarios.DashBoard" name="DashBoardValidation" time="75.914"/>
  <system-out/>
</testsuite> <!-- testScenarios.DashBoard -->
