<?xml version="1.0" encoding="UTF-8"?>
<!-- Generated by org.testng.reporters.JUnitReportReporter -->
<testsuite hostname="DESKTOP-ITILOB1" failures="0" tests="5" name="testScenarios.Ts_MyWork" time="0.124" errors="0" timestamp="2023-06-29T18:04:33 IST" skipped="0">
  <testcase classname="testScenarios.Ts_MyWork" name="MyWork_TC_05_Validate_System_Retrives_Records_In_CotivitiDownLoadQue_yWorkBasket" time="0.036"/>
  <system-out/>
  <testcase classname="testScenarios.Ts_MyWork" name="MyWork_TC_04_Validate_User_AbleTo_View_RequestGroups_Headers" time="0.007"/>
  <system-out/>
  <testcase classname="testScenarios.Ts_MyWork" name="MyWork_TC_01_Validate_User_AbleTo_View_MyWork_Section" time="0.007"/>
  <system-out/>
  <testcase classname="testScenarios.Ts_MyWork" name="MyWork_TC_02_Validate_User_AbleTo_Select_MyWorkList_And_View_Headers" time="0.034"/>
  <system-out/>
  <testcase classname="testScenarios.Ts_MyWork" name="MyWork_TC_03_Validate_User_AbleTo_Select_MyWorkBasket_And_View_Headers" time="0.040"/>
  <system-out/>
</testsuite> <!-- testScenarios.Ts_MyWork -->
