<?xml version="1.0" encoding="UTF-8"?>
<!-- Generated by org.testng.reporters.JUnitReportReporter -->
<testsuite hostname="DESKTOP-ITILOB1" failures="0" tests="5" name="testScenarios.Ts_DashBoard" time="24.800" errors="0" timestamp="2023-06-29T18:04:33 IST" skipped="0">
  <testcase classname="testScenarios.Ts_DashBoard" name="Dashboard_TC_03_Validate_UserIs_Able_Expand_And_View_Headers_Under_RequestGroup_Section" time="0.007"/>
  <system-out/>
  <testcase classname="testScenarios.Ts_DashBoard" name="Dashboard_TC_05_Validate_RG_Result_are_Displayed_Under_RequestGroup_Section" time="0.007"/>
  <system-out/>
  <testcase classname="testScenarios.Ts_DashBoard" name="Dashboard_TC_01_Validate_UserIs_Able_To_View_Sections_In_DashBoard" time="16.819"/>
  <system-out/>
  <testcase classname="testScenarios.Ts_DashBoard" name="Dashboard_TC_04_Validate_UserIs_Able_Expand_And_View_Headers_Under_TeamMembers_Section" time="0.007"/>
  <system-out/>
  <testcase classname="testScenarios.Ts_DashBoard" name="Dashboard_TC_02_Validate_UserIs_Able_To_CloseAll_Frames_In_DashBoard" time="7.960"/>
  <system-out/>
</testsuite> <!-- testScenarios.Ts_DashBoard -->
